<?xml version="1.0" encoding="UTF-8"?>
<testng-results ignored="0" total="1" passed="1" failed="0" skipped="0">
  <reporter-output>
  </reporter-output>
  <suite started-at="2022-05-18T02:19:58Z" name="Default suite" finished-at="2022-05-18T02:21:36Z" duration-ms="98320">
    <groups>
    </groups>
    <test started-at="2022-05-18T02:19:58Z" name="Default test" finished-at="2022-05-18T02:21:36Z" duration-ms="98320">
      <class name="TestSuites.trutime">
        <test-method is-config="true" signature="invokeBrowser()[pri:0, instance:TestSuites.trutime@6950ed69]" started-at="2022-05-18T02:19:58Z" name="invokeBrowser" finished-at="2022-05-18T02:20:07Z" duration-ms="9315" status="PASS">
          <reporter-output>
          </reporter-output>
        </test-method> <!-- invokeBrowser -->
        <test-method signature="testCases()[pri:1, instance:TestSuites.trutime@6950ed69]" started-at="2022-05-18T02:20:07Z" name="testCases" finished-at="2022-05-18T02:21:30Z" duration-ms="82326" status="PASS">
          <reporter-output>
          </reporter-output>
        </test-method> <!-- testCases -->
        <test-method is-config="true" signature="closeBrowser()[pri:0, instance:TestSuites.trutime@6950ed69]" started-at="2022-05-18T02:21:30Z" name="closeBrowser" finished-at="2022-05-18T02:21:36Z" duration-ms="6500" status="PASS">
          <reporter-output>
          </reporter-output>
        </test-method> <!-- closeBrowser -->
      </class> <!-- TestSuites.trutime -->
    </test> <!-- Default test -->
  </suite> <!-- Default suite -->
</testng-results>
